<?xml version="1.0" encoding="UTF-8" ?>
<testsuite errors="0" failures="0" hostname="RubenLap" name="Hospital.Schedules.Constraints.Priority.PriorityConstraintTest" tests="2" time="0.153" timestamp="2012-04-20T13:24:15">
  <properties>
    <property name="default.javac.source" value="1.6" />
    <property name="file.encoding.pkg" value="sun.io" />
    <property name="libs.toplink.maven-pom" value="" />
    <property name="javac.source" value="1.5" />
    <property name="netbeans.system_http_proxy" value="DIRECT" />
    <property name="java.home" value="/usr/lib/jvm/java-6-openjdk/jre" />
    <property name="do.archive+manifest.available+main.class" value="true" />
    <property name="test.src.dir" value="test" />
    <property name="javadoc.version" value="false" />
    <property name="libs.CopyLibs.classpath" value="/usr/share/netbeans/6.9/java/ant/extra/org-netbeans-modules-java-j2seproject-copylibstask.jar" />
    <property name="libs.javac-api.src" value="" />
    <property name="java.endorsed.dirs" value="/usr/lib/jvm/java-6-openjdk/jre/lib/endorsed" />
    <property name="libs.MySQLDriver.classpath" value="/home/rupsbant/.netbeans/6.9/modules/ext/mysql-connector-java-5.1.6-bin.jar" />
    <property name="libs.jaxb.javadoc" value="/home/rupsbant/.netbeans/6.9/docs/jaxb-api-doc.zip" />
    <property name="libs.junit.maven-pom" value="" />
    <property name="libs.PostgreSQLDriver.src" value="" />
    <property name="src.dir" value="src" />
    <property name="sun.java2d.noddraw" value="true" />
    <property name="nbplatform.default.harness.dir" value="/usr/share/netbeans/6.9/harness" />
    <property name="debug-args-line" value="-Xdebug" />
    <property name="netbeans.hash.code" value="unique=NBUBU00a7a9ecb-c6ee-4297-8101-3e8fa39c1a62_a1ad049b-e4d3-4ad5-9829-13abbd19b95c" />
    <property name="build.sysclasspath" value="ignore" />
    <property name="have.sources" value="true" />
    <property name="includes" value="**" />
    <property name="javac.fork" value="false" />
    <property name="source.encoding" value="UTF-8" />
    <property name="file.reference.NetBeansProjects-SWOP_It1B" value="." />
    <property name="libs.swing-app-framework.javadoc" value="" />
    <property name="sun.os.patch.level" value="unknown" />
    <property name="java.vendor.url" value="http://java.sun.com/" />
    <property name="java.version" value="1.6.0_22" />
    <property name="nb.show.statistics.ui" value="usageStatisticsEnabled" />
    <property name="javac.debug" value="true" />
    <property name="org.openide.major.version" value="IDE/1" />
    <property name="run.classpath" value="capsules/capsules.jar:build/classes" />
    <property name="libs.PostgreSQLDriver.maven-pom" value="" />
    <property name="java.vendor.url.bug" value="http://java.sun.com/cgi-bin/bugreport.cgi" />
    <property name="netbeans.autoupdate.variant" value="" />
    <property name="libs.eclipselink.javadoc" value="" />
    <property name="libs.absolutelayout.javadoc" value="" />
    <property name="libs.junit_4.maven-pom" value="" />
    <property name="netbeans.buildnumber" value="100825-unknown-revn" />
    <property name="ant.project.invoked-targets" value="test" />
    <property name="jna.platform.library.path" value="/usr/lib/i386-linux-gnu:/lib/i386-linux-gnu:/usr/lib:/lib" />
    <property name="annotation.processing.run.all.processors" value="true" />
    <property name="manifest.file" value="manifest.mf" />
    <property name="libs.swing-app-framework.maven-pom" value="" />
    <property name="user.name" value="rupsbant" />
    <property name="manifest.available+main.class+mkdist.available" value="true" />
    <property name="empty.dir" value="/home/rupsbant/NetBeansProjects/SWOP It1B/build/empty" />
    <property name="sun.io.unicode.encoding" value="UnicodeLittle" />
    <property name="ant.file.type.SWOP_It1B" value="file" />
    <property name="sun.jnu.encoding" value="UTF-8" />
    <property name="java.runtime.name" value="OpenJDK Runtime Environment" />
    <property name="application.vendor" value="rupsbant" />
    <property name="php.global.include.path" value="" />
    <property name="sun.java2d.pmoffscreen" value="false" />
    <property name="jdk.home" value="/usr/lib/jvm/java-6-openjdk" />
    <property name="netbeans.autoupdate.version" value="1.23" />
    <property name="netbeans.dirs" value="/usr/share/netbeans/6.9/nb:/usr/share/netbeans/6.9/bin/../ergonomics:/usr/share/netbeans/6.9/ide:/usr/share/netbeans/6.9/java:/usr/share/netbeans/6.9/bin/../xml:/usr/share/netbeans/6.9/apisupport:/usr/share/netbeans/6.9/bin/../webcommon:/usr/share/netbeans/6.9/bin/../websvccommon:/usr/share/netbeans/6.9/bin/../enterprise:/usr/share/netbeans/6.9/bin/../mobility:/usr/share/netbeans/6.9/bin/../profiler:/usr/share/netbeans/6.9/bin/../ruby:/usr/share/netbeans/6.9/bin/../python:/usr/share/netbeans/6.9/bin/../php:/usr/share/netbeans/6.9/bin/../visualweb:/usr/share/netbeans/6.9/bin/../soa:/usr/share/netbeans/6.9/bin/../identity:/usr/share/netbeans/6.9/bin/../uml:/usr/share/netbeans/6.9/harness:/usr/share/netbeans/6.9/bin/../cnd:/usr/share/netbeans/6.9/bin/../dlight:/usr/share/netbeans/6.9/bin/../groovy:/usr/share/netbeans/6.9/bin/../extra:/usr/share/netbeans/6.9/bin/../javafx:/usr/share/netbeans/6.9/bin/../javacard:" />
    <property name="main.class.available" value="true" />
    <property name="java.specification.name" value="Java Platform API Specification" />
    <property name="javadoc.author" value="false" />
    <property name="libs.hibernate-support.javadoc" value="" />
    <property name="user.timezone" value="" />
    <property name="netbeans.system_http_non_proxy_hosts" value="" />
    <property name="manifest.available" value="true" />
    <property name="libs.swing-layout.maven-pom" value="" />
    <property name="libs.junit.javadoc" value="" />
    <property name="org.openide.specification.version" value="6.2" />
    <property name="path.separator" value=":" />
    <property name="version-output" value="java version &quot;1.6" />
    <property name="libs.ejb3-persistence.src" value="" />
    <property name="libs.absolutelayout.classpath" value="/usr/share/netbeans/6.9/java/modules/ext/AbsoluteLayout.jar" />
    <property name="libs.jaxb.maven-pom" value="" />
    <property name="file.encoding" value="UTF-8" />
    <property name="libs.eclipselink.src" value="" />
    <property name="dist.javadoc.dir" value="dist/javadoc" />
    <property name="ant.project.default-target" value="default" />
    <property name="libs.hibernate-persistence.javadoc" value="" />
    <property name="libs.ejb3-persistence.classpath" value="/home/rupsbant/.netbeans/6.9/modules/ext/hibernate/ejb3-persistence.jar" />
    <property name="sun.java.command" value="org.apache.tools.ant.taskdefs.optional.junit.JUnitTestRunner Hospital.Schedules.Constraints.Priority.PriorityConstraintTest filtertrace=true haltOnError=false haltOnFailure=false showoutput=true outputtoformatters=true logfailedtests=true logtestlistenerevents=true formatter=org.apache.tools.ant.taskdefs.optional.junit.BriefJUnitResultFormatter formatter=org.apache.tools.ant.taskdefs.optional.junit.XMLJUnitResultFormatter,/home/rupsbant/NetBeansProjects/SWOP It1B/build/test/results/TEST-Hospital.Schedules.Constraints.Priority.PriorityConstraintTest.xml crashfile=/home/rupsbant/NetBeansProjects/SWOP It1B/build/junitvmwatcher8827081737921232157.properties propsfile=/home/rupsbant/NetBeansProjects/SWOP It1B/build/junit6728429999328434707.properties" />
    <property name="https.nonProxyHosts" value="localhost|127.0.0.1|RubenLap" />
    <property name="built-jar.properties" value="/home/rupsbant/NetBeansProjects/SWOP It1B/build/built-jar.properties" />
    <property name="libs.junit.src" value="" />
    <property name="ant.file" value="/home/rupsbant/NetBeansProjects/SWOP It1B/build.xml" />
    <property name="subversion.native.library" value="/usr/lib/jni/libsvnjavahl-1.so" />
    <property name="libs.junit_4.src" value="" />
    <property name="netbeans.autoupdate.language" value="en" />
    <property name="do.jar" value="true" />
    <property name="java.io.tmpdir" value="/tmp" />
    <property name="build.test.results.dir" value="build/test/results" />
    <property name="user.language" value="en" />
    <property name="line.separator" value="
" />
    <property name="apple.laf.useScreenMenuBar" value="true" />
    <property name="libs.absolutelayout.src" value="" />
    <property name="javac.compilerargs" value="-g" />
    <property name="libs.hibernate-support.maven-pom" value="" />
    <property name="jar.compress" value="false" />
    <property name="debug-transport-by-os" value="dt_socket" />
    <property name="libs.JWSAntTasks.src" value="" />
    <property name="libs.hibernate-persistence.maven-pom" value="" />
    <property name="java.vm.info" value="mixed mode" />
    <property name="libs.javac-api.maven-pom" value="" />
    <property name="javadoc.private" value="false" />
    <property name="annotation.processing.processors.list" value="" />
    <property name="sun.desktop" value="gnome" />
    <property name="java.vm.specification.name" value="Java Virtual Machine Specification" />
    <property name="build.test.classes.dir" value="build/test/classes" />
    <property name="libs.jaxb.src" value="" />
    <property name="libs.MySQLDriver.javadoc" value="" />
    <property name="netbeans.dynamic.classpath" value="/usr/share/netbeans/6.9/platform/core/core.jar:/usr/share/netbeans/6.9/platform/core/org-openide-filesystems.jar:/usr/share/netbeans/6.9/platform/core/locale/core_ja.jar:/usr/share/netbeans/6.9/platform/core/locale/core_zh_CN.jar:/usr/share/netbeans/6.9/platform/core/locale/org-openide-filesystems_zh_CN.jar:/usr/share/netbeans/6.9/platform/core/locale/org-openide-filesystems_pt_BR.jar:/usr/share/netbeans/6.9/platform/core/locale/org-openide-filesystems_ja.jar:/usr/share/netbeans/6.9/platform/core/locale/core_pt_BR.jar:/usr/share/netbeans/6.9/nb/core/org-netbeans-upgrader.jar:/usr/share/netbeans/6.9/nb/core/locale/core_nb_pt_BR.jar:/usr/share/netbeans/6.9/nb/core/locale/core_nb_ja.jar:/usr/share/netbeans/6.9/nb/core/locale/core_nb.jar:/usr/share/netbeans/6.9/nb/core/locale/core_nb_zh_CN.jar:/usr/share/netbeans/6.9/nb/core/locale/org-netbeans-upgrader_pt_BR.jar:/usr/share/netbeans/6.9/nb/core/locale/org-netbeans-upgrader_zh_CN.jar:/usr/share/netbeans/6.9/nb/core/locale/org-netbeans-upgrader_ja.jar" />
    <property name="manifest.available+main.class" value="true" />
    <property name="libs.beans-binding.javadoc" value="" />
    <property name="platform.active" value="default_platform" />
    <property name="ap.cmd.line.internal" value="" />
    <property name="http.nonProxyHosts" value="localhost|127.0.0.1|RubenLap" />
    <property name="libs.junit_4.javadoc" value="" />
    <property name="endorsed.classpath" value="" />
    <property name="netbeans.autoupdate.country" value="US" />
    <property name="libs.beans-binding.maven-pom" value="" />
    <property name="do.mkdist" value="true" />
    <property name="javadoc.encoding" value="UTF-8" />
    <property name="java.awt.printerjob" value="sun.print.PSPrinterJob" />
    <property name="do.archive" value="true" />
    <property name="dist.jar" value="dist/SWOP It1B.jar" />
    <property name="meta.inf.dir" value="src/META-INF" />
    <property name="ant.version" value="Apache Ant version 1.8.1 compiled on October 13 2010" />
    <property name="netbeans.home" value="/usr/share/netbeans/6.9/platform" />
    <property name="javadoc.nonavbar" value="false" />
    <property name="user.properties.file" value="/home/rupsbant/.netbeans/6.9/build.properties" />
    <property name="libs.JWSAntTasks.classpath" value="/usr/share/netbeans/6.9/java/ant/extra/org-netbeans-modules-javawebstart-anttasks.jar" />
    <property name="libs.toplink.classpath" value="/home/rupsbant/.netbeans/6.9/modules/ext/toplink/toplink-essentials.jar:/home/rupsbant/.netbeans/6.9/modules/ext/toplink/toplink-essentials-agent.jar" />
    <property name="netbeans.importclass" value="org.netbeans.upgrade.AutoUpgrade" />
    <property name="annotation.processing.source.output" value="build/generated-sources/ap-source-output" />
    <property name="libs.CopyLibs.maven-pom" value="" />
    <property name="useJavaUtilZip" value="true" />
    <property name="build.generated.dir" value="build/generated" />
    <property name="netbeans.home+have.tests" value="true" />
    <property name="libs.eclipselink.maven-pom" value="" />
    <property name="os.name" value="Linux" />
    <property name="java.specification.vendor" value="Sun Microsystems Inc." />
    <property name="run.test.classpath" value="capsules/capsules.jar:build/classes:/usr/share/netbeans/6.9/platform/modules/ext/junit-4.8.jar:/usr/share/netbeans/6.9/platform/modules/ext/hamcrest-core.jar:build/test/classes:/usr/share/netbeans/6.9/platform/modules/ext/junit-4.8.jar:/usr/share/netbeans/6.9/platform/modules/ext/hamcrest-core.jar" />
    <property name="java.vm.name" value="OpenJDK Server VM" />
    <property name="libs.CopyLibs.src" value="" />
    <property name="org.openide.version" value="deprecated" />
    <property name="libs.beans-binding.src" value="" />
    <property name="libs.junit.classpath" value="/usr/share/netbeans/6.9/java/modules/ext/junit-3.8.2.jar" />
    <property name="java.library.path" value="/usr/lib/jvm/java-6-openjdk/jre/lib/i386/server:/usr/lib/jvm/java-6-openjdk/jre/lib/i386:/usr/lib/jvm/java-6-openjdk/jre/../lib/i386:/usr/lib/jvm/java-6-openjdk/jre/lib/i386/client:/usr/lib/jvm/java-6-openjdk/jre/lib/i386:/usr/lib/jvm/java-6-openjdk/jre/../lib/i386:/usr/java/packages/lib/i386:/usr/lib/i386-linux-gnu/jni:/lib/i386-linux-gnu:/usr/lib/i386-linux-gnu:/usr/lib/jni:/lib:/usr/lib" />
    <property name="do.archive+manifest.available+main.class+mkdist.available" value="true" />
    <property name="libs.PostgreSQLDriver.javadoc" value="" />
    <property name="libs.toplink.javadoc" value="" />
    <property name="ant.java.version" value="1.6" />
    <property name="javadoc.noindex" value="false" />
    <property name="basedir" value="/home/rupsbant/NetBeansProjects/SWOP It1B" />
    <property name="java.class.version" value="50.0" />
    <property name="file.reference.capsules.jar" value="capsules/capsules.jar" />
    <property name="sun.awt.exception.handler" value="org.netbeans.core.startup.TopLogging$AWTHandler" />
    <property name="javac.test.classpath" value="capsules/capsules.jar:build/classes:/usr/share/netbeans/6.9/platform/modules/ext/junit-4.8.jar:/usr/share/netbeans/6.9/platform/modules/ext/hamcrest-core.jar" />
    <property name="javac.processorpath" value="capsules/capsules.jar" />
    <property name="ant.home" value="/usr/share/netbeans/6.9/java/ant" />
    <property name="libs.hibernate-persistence.src" value="" />
    <property name="ant.file.SWOP_It1B" value="/home/rupsbant/NetBeansProjects/SWOP It1B/build.xml" />
    <property name="javadoc.splitindex" value="true" />
    <property name="libs.toplink.src" value="" />
    <property name="libs.javac-api.javadoc" value="" />
    <property name="javac.test.processorpath" value="capsules/capsules.jar:build/classes:/usr/share/netbeans/6.9/platform/modules/ext/junit-4.8.jar:/usr/share/netbeans/6.9/platform/modules/ext/hamcrest-core.jar" />
    <property name="javadoc.preview" value="true" />
    <property name="libs.MySQLDriver.maven-pom" value="" />
    <property name="libs.CopyLibs.javadoc" value="" />
    <property name="libs.PostgreSQLDriver.classpath" value="/home/rupsbant/.netbeans/6.9/modules/ext/postgresql-8.3-603.jdbc3.jar" />
    <property name="libs.junit_4.classpath" value="/usr/share/netbeans/6.9/platform/modules/ext/junit-4.8.jar:/usr/share/netbeans/6.9/platform/modules/ext/hamcrest-core.jar" />
    <property name="sun.boot.library.path" value="/usr/lib/jvm/java-6-openjdk/jre/lib/i386" />
    <property name="build.dir" value="build" />
    <property name="application.title" value="SWOP_It1B" />
    <property name="sun.management.compiler" value="HotSpot Tiered Compilers" />
    <property name="libs.swing-app-framework.classpath" value="/usr/share/netbeans/6.9/java/modules/ext/appframework-1.0.3.jar:/usr/share/netbeans/6.9/java/modules/ext/swing-worker-1.1.jar" />
    <property name="ant.file.type.SWOP_It1B-impl" value="file" />
    <property name="libs.ejb3-persistence.javadoc" value="" />
    <property name="java.awt.graphicsenv" value="sun.awt.X11GraphicsEnvironment" />
    <property name="nxj.home" value="/home/rupsbant/Lejos/lejos_nxj/" />
    <property name="javadoc.encoding.used" value="UTF-8" />
    <property name="javadoc.windowtitle" value="" />
    <property name="libs.hibernate-support.src" value="" />
    <property name="annotation.processing.enabled" value="true" />
    <property name="build.generated.sources.dir" value="build/generated-sources" />
    <property name="run.jvmargs" value="" />
    <property name="build.compiler.emacs" value="true" />
    <property name="ant.project.name" value="SWOP_It1B" />
    <property name="libs.swing-layout.classpath" value="/usr/share/netbeans/6.9/platform/modules/ext/swing-layout-1.0.4.jar" />
    <property name="java.vm.specification.version" value="1.0" />
    <property name="ant.file.SWOP_It1B-impl" value="/home/rupsbant/NetBeansProjects/SWOP It1B/nbproject/build-impl.xml" />
    <property name="libs.jaxb.classpath" value="/home/rupsbant/.netbeans/6.9/modules/ext/jaxb/jaxb-impl.jar:/home/rupsbant/.netbeans/6.9/modules/ext/jaxb/jaxb-xjc.jar:/home/rupsbant/.netbeans/6.9/modules/ext/jaxb/jaxb1-impl.jar:/home/rupsbant/.netbeans/6.9/modules/ext/jaxb/activation.jar:/home/rupsbant/.netbeans/6.9/modules/ext/jaxb/api/jaxb-api.jar:/home/rupsbant/.netbeans/6.9/modules/ext/jaxb/api/jsr173_api.jar" />
    <property name="work.dir" value="/home/rupsbant/NetBeansProjects/SWOP It1B" />
    <property name="javadoc.use" value="true" />
    <property name="sun.cpu.isalist" value="" />
    <property name="java.ext.dirs" value="/usr/lib/jvm/java-6-openjdk/jre/lib/ext:/usr/java/packages/lib/ext" />
    <property name="os.version" value="2.6.38-13-generic-pae" />
    <property name="excludes" value="" />
    <property name="user.home" value="/home/rupsbant" />
    <property name="org.xml.sax.driver" value="com.sun.org.apache.xerces.internal.jaxp.SAXParserImpl$JAXPSAXParser" />
    <property name="java.vm.vendor" value="Sun Microsystems Inc." />
    <property name="libs.absolutelayout.maven-pom" value="" />
    <property name="user.dir" value="/home/rupsbant/NetBeansProjects/SWOP It1B" />
    <property name="debug-transport" value="dt_socket" />
    <property name="libs.ejb3-persistence.maven-pom" value="" />
    <property name="application.args" value="" />
    <property name="sun.cpu.endian" value="little" />
    <property name="compile.on.save" value="false" />
    <property name="libs.hibernate-support.classpath" value="/home/rupsbant/.netbeans/6.9/modules/ext/hibernate/antlr-2.7.6.jar:/home/rupsbant/.netbeans/6.9/modules/ext/hibernate/asm.jar:/home/rupsbant/.netbeans/6.9/modules/ext/hibernate/asm-attrs.jar:/home/rupsbant/.netbeans/6.9/modules/ext/hibernate/cglib-2.1.3.jar:/home/rupsbant/.netbeans/6.9/modules/ext/hibernate/commons-collections-2.1.1.jar:/usr/share/netbeans/6.9/ide/modules/ext/commons-logging-1.1.jar:/home/rupsbant/.netbeans/6.9/modules/ext/hibernate/dom4j-1.6.1.jar:/home/rupsbant/.netbeans/6.9/modules/ext/hibernate/ehcache-1.2.3.jar:/home/rupsbant/.netbeans/6.9/modules/ext/hibernate/jdbc2_0-stdext.jar:/home/rupsbant/.netbeans/6.9/modules/ext/hibernate/jta.jar:/home/rupsbant/.netbeans/6.9/modules/ext/hibernate/hibernate3.jar:/home/rupsbant/.netbeans/6.9/modules/ext/hibernate/hibernate-tools.jar:/home/rupsbant/.netbeans/6.9/modules/ext/hibernate/hibernate-annotations.jar:/home/rupsbant/.netbeans/6.9/modules/ext/hibernate/hibernate-commons-annotations.jar:/home/rupsbant/.netbeans/6.9/modules/ext/hibernate/hibernate-entitymanager.jar:/home/rupsbant/.netbeans/6.9/modules/ext/hibernate/javassist.jar" />
    <property name="endorsed.classpath.cmd.line.arg" value="" />
    <property name="jar.index" value="false" />
    <property name="java.vm.version" value="20.0-b11" />
    <property name="libs.MySQLDriver.src" value="" />
    <property name="libs.hibernate-persistence.classpath" value="/home/rupsbant/.netbeans/6.9/modules/ext/hibernate/antlr-2.7.6.jar:/home/rupsbant/.netbeans/6.9/modules/ext/hibernate/asm.jar:/home/rupsbant/.netbeans/6.9/modules/ext/hibernate/asm-attrs.jar:/home/rupsbant/.netbeans/6.9/modules/ext/hibernate/cglib-2.1.3.jar:/home/rupsbant/.netbeans/6.9/modules/ext/hibernate/commons-collections-2.1.1.jar:/usr/share/netbeans/6.9/ide/modules/ext/commons-logging-1.1.jar:/home/rupsbant/.netbeans/6.9/modules/ext/hibernate/dom4j-1.6.1.jar:/home/rupsbant/.netbeans/6.9/modules/ext/hibernate/ehcache-1.2.3.jar:/home/rupsbant/.netbeans/6.9/modules/ext/hibernate/jdbc2_0-stdext.jar:/home/rupsbant/.netbeans/6.9/modules/ext/hibernate/jta.jar:/home/rupsbant/.netbeans/6.9/modules/ext/hibernate/hibernate3.jar:/home/rupsbant/.netbeans/6.9/modules/ext/hibernate/hibernate-tools.jar:/home/rupsbant/.netbeans/6.9/modules/ext/hibernate/hibernate-annotations.jar:/home/rupsbant/.netbeans/6.9/modules/ext/hibernate/hibernate-commons-annotations.jar:/home/rupsbant/.netbeans/6.9/modules/ext/hibernate/hibernate-entitymanager.jar:/home/rupsbant/.netbeans/6.9/modules/ext/hibernate/javassist.jar:/home/rupsbant/.netbeans/6.9/modules/ext/hibernate/ejb3-persistence.jar" />
    <property name="java.class.path" value="/home/rupsbant/NetBeansProjects/SWOP It1B/capsules/capsules.jar:/home/rupsbant/NetBeansProjects/SWOP It1B/build/classes:/usr/share/netbeans/6.9/platform/modules/ext/junit-4.8.jar:/usr/share/netbeans/6.9/platform/modules/ext/hamcrest-core.jar:/home/rupsbant/NetBeansProjects/SWOP It1B/build/test/classes:/usr/share/netbeans/6.9/java/ant/lib/junit.jar:/usr/share/netbeans/6.9/java/ant/lib/ant-launcher.jar:/usr/share/netbeans/6.9/java/ant/lib/ant.jar:/usr/share/netbeans/6.9/java/ant/lib/ant-junit.jar" />
    <property name="annotation.processing.processor.options" value="" />
    <property name="os.arch" value="i386" />
    <property name="javac.deprecation" value="false" />
    <property name="nbplatform.default.netbeans.dest.dir" value="/usr/share/netbeans/6.9" />
    <property name="build.classes.excludes" value="**/*.java,**/*.form" />
    <property name="dist.dir" value="dist" />
    <property name="debug.classpath" value="capsules/capsules.jar:build/classes" />
    <property name="netbeans.user" value="/home/rupsbant/.netbeans/6.9" />
    <property name="sun.java.launcher" value="SUN_STANDARD" />
    <property name="annotation.processing.enabled.in.editor" value="false" />
    <property name="ant.core.lib" value="/usr/share/netbeans/6.9/java/ant/lib/ant.jar" />
    <property name="java.vm.specification.vendor" value="Sun Microsystems Inc." />
    <property name="do.depend" value="false" />
    <property name="file.separator" value="/" />
    <property name="java.runtime.version" value="1.6.0_22-b22" />
    <property name="sun.boot.class.path" value="/usr/lib/jvm/java-6-openjdk/jre/lib/resources.jar:/usr/lib/jvm/java-6-openjdk/jre/lib/rt.jar:/usr/lib/jvm/java-6-openjdk/jre/lib/sunrsasign.jar:/usr/lib/jvm/java-6-openjdk/jre/lib/jsse.jar:/usr/lib/jvm/java-6-openjdk/jre/lib/jce.jar:/usr/lib/jvm/java-6-openjdk/jre/lib/charsets.jar:/usr/lib/jvm/java-6-openjdk/jre/lib/netx.jar:/usr/lib/jvm/java-6-openjdk/jre/lib/plugin.jar:/usr/lib/jvm/java-6-openjdk/jre/lib/rhino.jar:/usr/lib/jvm/java-6-openjdk/jre/lib/modules/jdk.boot.jar:/usr/lib/jvm/java-6-openjdk/jre/classes" />
    <property name="debug.test.classpath" value="capsules/capsules.jar:build/classes:/usr/share/netbeans/6.9/platform/modules/ext/junit-4.8.jar:/usr/share/netbeans/6.9/platform/modules/ext/hamcrest-core.jar:build/test/classes:/usr/share/netbeans/6.9/platform/modules/ext/junit-4.8.jar:/usr/share/netbeans/6.9/platform/modules/ext/hamcrest-core.jar" />
    <property name="javax.accessibility.assistive_technologies" value="org.GNOME.Accessibility.JavaBridge" />
    <property name="libs.beans-binding.classpath" value="/usr/share/netbeans/6.9/java/modules/ext/beansbinding-1.2.1.jar" />
    <property name="main.class" value="Main" />
    <property name="have.tests" value="true" />
    <property name="libs.JWSAntTasks.maven-pom" value="" />
    <property name="java.util.logging.config.class" value="org.netbeans.core.startup.TopLogging" />
    <property name="libs.javac-api.classpath" value="/usr/share/netbeans/6.9/java/modules/ext/javac-api-nb-7.0-b07.jar" />
    <property name="user.country" value="US" />
    <property name="javadoc.notree" value="false" />
    <property name="javac.classpath" value="capsules/capsules.jar" />
    <property name="javadoc.additionalparam" value="" />
    <property name="default.javac.target" value="1.6" />
    <property name="build.classes.dir" value="build/classes" />
    <property name="do.archive+manifest.available" value="true" />
    <property name="libs.swing-layout.javadoc" value="" />
    <property name="libs.swing-layout.src" value="" />
    <property name="java.vendor" value="Sun Microsystems Inc." />
    <property name="javac.target" value="1.5" />
    <property name="libs.eclipselink.classpath" value="/home/rupsbant/.netbeans/6.9/modules/ext/eclipselink/eclipselink-2.0.2.jar:/home/rupsbant/.netbeans/6.9/modules/ext/eclipselink/eclipselink-javax.persistence-2.0.jar" />
    <property name="runtime.encoding" value="UTF-8" />
    <property name="libs.swing-app-framework.src" value="" />
    <property name="java.specification.version" value="1.6" />
    <property name="libs.JWSAntTasks.javadoc" value="" />
    <property name="sun.arch.data.model" value="32" />
  </properties>
  <testcase classname="Hospital.Schedules.Constraints.Priority.PriorityConstraintTest" name="testPreemption" time="0.066" />
  <testcase classname="Hospital.Schedules.Constraints.Priority.PriorityConstraintTest" name="testNoPreemption" time="0.015" />
  <system-out><![CDATA[]]></system-out>
  <system-err><![CDATA[]]></system-err>
</testsuite>
